<?xml version="1.0" encoding="UTF-8"?>
<!-- Generated by org.testng.reporters.JUnitReportReporter -->
<testsuite hostname="RAJESH_RAJI" failures="0" tests="1" name="paytabTask1.Profiletestcase" time="35.802" errors="0" timestamp="13 Sep 2022 08:01:43 GMT" skipped="0">
  <testcase classname="paytabTask1.Profiletestcase" name="login" time="35.802"/>
</testsuite> <!-- paytabTask1.Profiletestcase -->
