<?xml version="1.0" encoding="UTF-8"?>
<!-- Generated by org.testng.reporters.JUnitReportReporter -->
<testsuite hostname="RAJESH_RAJI" failures="0" tests="5" name="payTabsTask2.PayTabsTaskAPI" time="3.514" errors="0" timestamp="13 Sep 2022 10:17:55 GMT" skipped="4">
  <testcase classname="payTabsTask2.PayTabsTaskAPI" name="deleteUserlist" time="3.514"/>
  <testcase classname="payTabsTask2.PayTabsTaskAPI" name="getlistofemplyee">
    <skipped/>
  </testcase> <!-- getlistofemplyee -->
  <testcase classname="payTabsTask2.PayTabsTaskAPI" name="createNewemplyee">
    <skipped/>
  </testcase> <!-- createNewemplyee -->
  <testcase classname="payTabsTask2.PayTabsTaskAPI" name="updateExistinguser">
    <skipped/>
  </testcase> <!-- updateExistinguser -->
  <testcase classname="payTabsTask2.PayTabsTaskAPI" name="getSingleEmplyee">
    <skipped/>
  </testcase> <!-- getSingleEmplyee -->
</testsuite> <!-- payTabsTask2.PayTabsTaskAPI -->
